# JRE version: OpenJDK Runtime Environment (21.0.5) (build 21.0.5+-12932927-b750.29)
# Java VM: OpenJDK 64-Bit Server VM (21.0.5+-12932927-b750.29, mixed mode, tiered, compressed oops, compressed class ptrs, g1 gc, windows-amd64)
GC Precious Log:
 CardTable entry size: 512
 Card Set container configuration: InlinePtr #cards 5 size 8 Array Of Cards #cards 12 size 40 Howl #buckets 4 coarsen threshold 1843 Howl Bitmap #cards 512 size 80 coarsen threshold 460 Card regions per heap region 1 cards per card region 2048
 CPUs: 12 total, 12 available
 Memory: 7895M
 Large Page Support: Disabled
 NUMA Support: Disabled
 Compressed Oops: Enabled (32-bit)
 Heap Region Size: 1M
 Heap Min Capacity: 8M
 Heap Initial Capacity: 124M
 Heap Max Capacity: 2G
 Pre-touch: Disabled
 Parallel Workers: 10
 Concurrent Workers: 3
 Concurrent Refinement Workers: 10
 Periodic GC: Disabled
Heap:
 garbage-first heap   total 70656K, used 48080K [0x0000000080000000, 0x0000000100000000)
  region size 1024K, 7 young (7168K), 2 survivors (2048K)
 Metaspace       used 52438K, committed 53824K, reserved 1114112K
  class space    used 6888K, committed 7616K, reserved 1048576K
GC Heap History (20 events):
Event: 3.633 GC heap before
{Heap before GC invocations=1 (full 0):
 garbage-first heap   total 126976K, used 38912K [0x0000000080000000, 0x0000000100000000)
  region size 1024K, 31 young (31744K), 3 survivors (3072K)
 Metaspace       used 11964K, committed 12096K, reserved 1114112K
  class space    used 1235K, committed 1280K, reserved 1048576K
}
Event: 3.641 GC heap after
{Heap after GC invocations=2 (full 0):
 garbage-first heap   total 126976K, used 14430K [0x0000000080000000, 0x0000000100000000)
  region size 1024K, 4 young (4096K), 4 survivors (4096K)
 Metaspace       used 11964K, committed 12096K, reserved 1114112K
  class space    used 1235K, committed 1280K, reserved 1048576K
}
Event: 6.225 GC heap before
{Heap before GC invocations=2 (full 0):
 garbage-first heap   total 126976K, used 53342K [0x0000000080000000, 0x0000000100000000)
  region size 1024K, 43 young (44032K), 4 survivors (4096K)
 Metaspace       used 21239K, committed 21504K, reserved 1114112K
  class space    used 2458K, committed 2560K, reserved 1048576K
}
Event: 6.232 GC heap after
{Heap after GC invocations=3 (full 0):
 garbage-first heap   total 126976K, used 19028K [0x0000000080000000, 0x0000000100000000)
  region size 1024K, 9 young (9216K), 9 survivors (9216K)
 Metaspace       used 21239K, committed 21504K, reserved 1114112K
  class space    used 2458K, committed 2560K, reserved 1048576K
}
Event: 7.406 GC heap before
{Heap before GC invocations=4 (full 0):
 garbage-first heap   total 68608K, used 50772K [0x0000000080000000, 0x0000000100000000)
  region size 1024K, 40 young (40960K), 9 survivors (9216K)
 Metaspace       used 26398K, committed 26816K, reserved 1114112K
  class space    used 3252K, committed 3456K, reserved 1048576K
}
Event: 7.413 GC heap after
{Heap after GC invocations=5 (full 0):
 garbage-first heap   total 68608K, used 20565K [0x0000000080000000, 0x0000000100000000)
  region size 1024K, 2 young (2048K), 2 survivors (2048K)
 Metaspace       used 26398K, committed 26816K, reserved 1114112K
  class space    used 3252K, committed 3456K, reserved 1048576K
}
Event: 9.197 GC heap before
{Heap before GC invocations=5 (full 0):
 garbage-first heap   total 68608K, used 52309K [0x0000000080000000, 0x0000000100000000)
  region size 1024K, 33 young (33792K), 2 survivors (2048K)
 Metaspace       used 31099K, committed 31872K, reserved 1114112K
  class space    used 4086K, committed 4480K, reserved 1048576K
}
Event: 9.202 GC heap after
{Heap after GC invocations=6 (full 0):
 garbage-first heap   total 68608K, used 22646K [0x0000000080000000, 0x0000000100000000)
  region size 1024K, 5 young (5120K), 5 survivors (5120K)
 Metaspace       used 31099K, committed 31872K, reserved 1114112K
  class space    used 4086K, committed 4480K, reserved 1048576K
}
Event: 10.374 GC heap before
{Heap before GC invocations=6 (full 0):
 garbage-first heap   total 68608K, used 43126K [0x0000000080000000, 0x0000000100000000)
  region size 1024K, 25 young (25600K), 5 survivors (5120K)
 Metaspace       used 35228K, committed 36096K, reserved 1114112K
  class space    used 4544K, committed 4992K, reserved 1048576K
}
Event: 10.379 GC heap after
{Heap after GC invocations=7 (full 0):
 garbage-first heap   total 68608K, used 23676K [0x0000000080000000, 0x0000000100000000)
  region size 1024K, 4 young (4096K), 4 survivors (4096K)
 Metaspace       used 35228K, committed 36096K, reserved 1114112K
  class space    used 4544K, committed 4992K, reserved 1048576K
}
Event: 12.387 GC heap before
{Heap before GC invocations=8 (full 0):
 garbage-first heap   total 68608K, used 57468K [0x0000000080000000, 0x0000000100000000)
  region size 1024K, 35 young (35840K), 4 survivors (4096K)
 Metaspace       used 39454K, committed 40384K, reserved 1114112K
  class space    used 5123K, committed 5568K, reserved 1048576K
}
Event: 12.394 GC heap after
{Heap after GC invocations=9 (full 0):
 garbage-first heap   total 68608K, used 30064K [0x0000000080000000, 0x0000000100000000)
  region size 1024K, 5 young (5120K), 5 survivors (5120K)
 Metaspace       used 39454K, committed 40384K, reserved 1114112K
  class space    used 5123K, committed 5568K, reserved 1048576K
}
Event: 13.835 GC heap before
{Heap before GC invocations=9 (full 0):
 garbage-first heap   total 68608K, used 59760K [0x0000000080000000, 0x0000000100000000)
  region size 1024K, 31 young (31744K), 5 survivors (5120K)
 Metaspace       used 42887K, committed 44032K, reserved 1114112K
  class space    used 5700K, committed 6272K, reserved 1048576K
}
Event: 13.843 GC heap after
{Heap after GC invocations=10 (full 0):
 garbage-first heap   total 70656K, used 36885K [0x0000000080000000, 0x0000000100000000)
  region size 1024K, 3 young (3072K), 3 survivors (3072K)
 Metaspace       used 42887K, committed 44032K, reserved 1114112K
  class space    used 5700K, committed 6272K, reserved 1048576K
}
Event: 15.055 GC heap before
{Heap before GC invocations=10 (full 0):
 garbage-first heap   total 70656K, used 59413K [0x0000000080000000, 0x0000000100000000)
  region size 1024K, 26 young (26624K), 3 survivors (3072K)
 Metaspace       used 45969K, committed 47360K, reserved 1114112K
  class space    used 6199K, committed 6912K, reserved 1048576K
}
Event: 15.060 GC heap after
{Heap after GC invocations=11 (full 0):
 garbage-first heap   total 70656K, used 38620K [0x0000000080000000, 0x0000000100000000)
  region size 1024K, 2 young (2048K), 2 survivors (2048K)
 Metaspace       used 45969K, committed 47360K, reserved 1114112K
  class space    used 6199K, committed 6912K, reserved 1048576K
}
Event: 16.456 GC heap before
{Heap before GC invocations=12 (full 0):
 garbage-first heap   total 70656K, used 61148K [0x0000000080000000, 0x0000000100000000)
  region size 1024K, 25 young (25600K), 2 survivors (2048K)
 Metaspace       used 51719K, committed 53056K, reserved 1114112K
  class space    used 6799K, committed 7424K, reserved 1048576K
}
Event: 16.461 GC heap after
{Heap after GC invocations=13 (full 0):
 garbage-first heap   total 70656K, used 42319K [0x0000000080000000, 0x0000000100000000)
  region size 1024K, 4 young (4096K), 4 survivors (4096K)
 Metaspace       used 51719K, committed 53056K, reserved 1114112K
  class space    used 6799K, committed 7424K, reserved 1048576K
}
Event: 16.809 GC heap before
{Heap before GC invocations=13 (full 0):
 garbage-first heap   total 70656K, used 61775K [0x0000000080000000, 0x0000000100000000)
  region size 1024K, 23 young (23552K), 4 survivors (4096K)
 Metaspace       used 52014K, committed 53376K, reserved 1114112K
  class space    used 6821K, committed 7488K, reserved 1048576K
}
Event: 16.814 GC heap after
{Heap after GC invocations=14 (full 0):
 garbage-first heap   total 70656K, used 43984K [0x0000000080000000, 0x0000000100000000)
  region size 1024K, 2 young (2048K), 2 survivors (2048K)
 Metaspace       used 52014K, committed 53376K, reserved 1114112K
  class space    used 6821K, committed 7488K, reserved 1048576K
}

